[ 2023-05-08 17:04:51,900 ] 28 root - INFO - Data Ingestion methods starts.
[ 2023-05-08 17:04:52,178 ] 32 root - INFO - Dataset read as Pandas Dataframe
[ 2023-05-08 17:04:52,178 ] 35 root - INFO - Saving the dataset in raw file
[ 2023-05-08 17:04:53,901 ] 38 root - INFO - Train test split
[ 2023-05-08 17:04:55,788 ] 44 root - INFO - Data Ingestion is completed.
[ 2023-05-08 17:04:56,126 ] 80 root - INFO - Read train and test data completed
[ 2023-05-08 17:04:56,146 ] 81 root - INFO - Train Dataframe Head : 
       id  carat        cut color clarity  depth  table     x     y     z  price
0   14868   0.50      Ideal     D     SI1   62.1   57.0  5.05  5.08  3.14   1355
1  165613   2.00  Very Good     G     SI2   59.5   57.0  8.08  8.15  4.89  14691
2   96727   0.27    Premium     E    VVS1   60.5   59.0  4.19  4.16  2.52    844
3  145593   0.32    Premium     I    VVS1   61.2   59.0  4.43  4.44  2.71    707
4  118689   1.19      Ideal     H     SI1   62.5   56.0  6.77  6.81  4.23   5797
[ 2023-05-08 17:04:56,156 ] 82 root - INFO - Test Dataframe Head  : 
       id  carat        cut color clarity  depth  table     x     y     z  price
0   14868   0.50      Ideal     D     SI1   62.1   57.0  5.05  5.08  3.14   1355
1  165613   2.00  Very Good     G     SI2   59.5   57.0  8.08  8.15  4.89  14691
2   96727   0.27    Premium     E    VVS1   60.5   59.0  4.19  4.16  2.52    844
3  145593   0.32    Premium     I    VVS1   61.2   59.0  4.43  4.44  2.71    707
4  118689   1.19      Ideal     H     SI1   62.5   56.0  6.77  6.81  4.23   5797
[ 2023-05-08 17:04:56,157 ] 84 root - INFO - Obtaining preprocessing object
[ 2023-05-08 17:04:56,157 ] 26 root - INFO - Data Transformation Initiated.
[ 2023-05-08 17:04:56,157 ] 71 root - INFO - Error occured at Data Transformation
[ 2023-05-08 17:04:56,157 ] 121 root - INFO - Exception occured in the initiate_dat_transformation
